<?xml version="1.0" encoding="UTF-8"?>
<!-- Generated by org.testng.reporters.JUnitReportReporter -->
<testsuite skipped="0" hostname="DESKTOP-84BCDDP" name="com.way2automation.twitter.testcases.LoginTest" tests="2" failures="0" timestamp="18 Sep 2017 10:00:16 GMT" time="33.170" errors="0">
  <testcase name="sampleTest" time="33.169" classname="com.way2automation.twitter.testcases.LoginTest"/>
  <testcase name="testQuitDriver" time="0.001" classname="com.way2automation.twitter.testcases.LoginTest"/>
</testsuite> <!-- com.way2automation.twitter.testcases.LoginTest -->
