<?xml version="1.0" encoding="UTF-8"?>
<!-- Generated by org.testng.reporters.JUnitReportReporter -->
<testsuite skipped="0" hostname="DESKTOP-84BCDDP" name="com.way2automation.twitter.core.testCore" tests="1" failures="0" timestamp="18 Sep 2017 09:57:23 GMT" time="0.002" errors="0">
  <testcase name="testQuitDriver" time="0.002" classname="com.way2automation.twitter.core.testCore"/>
</testsuite> <!-- com.way2automation.twitter.core.testCore -->
