<?xml version="1.0" encoding="UTF-8"?>
<!-- Generated by org.testng.reporters.JUnitReportReporter -->
<testsuite skipped="0" hostname="DESKTOP-84BCDDP" name="com.way2automation.twitter.testcases.LoginTest" tests="2" failures="0" timestamp="18 Sep 2017 11:09:45 GMT" time="31.241" errors="0">
  <testcase name="testQuitDriver" time="0.000" classname="com.way2automation.twitter.testcases.LoginTest"/>
  <testcase name="sampleTest" time="31.241" classname="com.way2automation.twitter.testcases.LoginTest"/>
</testsuite> <!-- com.way2automation.twitter.testcases.LoginTest -->
