<?xml version="1.0" encoding="UTF-8"?>
<testsuite xmlns:xsi="http://www.w3.org/2001/XMLSchema-instance" xsi:noNamespaceSchemaLocation="https://maven.apache.org/surefire/maven-surefire-plugin/xsd/surefire-test-report.xsd" name="TestSuite" time="7.034" tests="5" errors="0" skipped="4" failures="1">
  <properties>
    <property name="awt.toolkit" value="sun.awt.windows.WToolkit"/>
    <property name="RUN_DISPLAY_URL" value="http://localhost:8080/job/FBPOM/8/display/redirect"/>
    <property name="java.specification.version" value="1.8"/>
    <property name="HUDSON_HOME" value="C:\Users\User\.jenkins"/>
    <property name="RUN_CHANGES_DISPLAY_URL" value="http://localhost:8080/job/FBPOM/8/display/redirect?page=changes"/>
    <property name="sun.cpu.isalist" value="amd64"/>
    <property name="sun.jnu.encoding" value="Cp1252"/>
    <property name="SESSIONNAME" value="Console"/>
    <property name="ALLUSERSPROFILE" value="C:\ProgramData"/>
    <property name="sun.arch.data.model" value="64"/>
    <property name="GOOGLE_DEFAULT_CLIENT_SECRET" value="no"/>
    <property name="SystemDrive" value="C:"/>
    <property name="java.vendor.url" value="http://java.oracle.com/"/>
    <property name="JENKINS_SERVER_COOKIE" value="3861f1b2f77164e1"/>
    <property name="USERNAME" value="User"/>
    <property name="ProgramFiles(x86)" value="C:\Program Files (x86)"/>
    <property name="JENKINS_URL" value="http://localhost:8080/"/>
    <property name="sun.boot.library.path" value="C:\Program Files\Java\jdk1.8.0_121\jre\bin"/>
    <property name="FPS_BROWSER_USER_PROFILE_STRING" value="Default"/>
    <property name="sun.java.command" value="jenkins.maven3.agent.Maven35Main D:\Udemy\apache-maven-3.5.0 C:\Users\User\.jenkins\war\WEB-INF\lib\remoting-3.12.jar C:\Users\User\.jenkins\plugins\maven-plugin\WEB-INF\lib\maven35-interceptor-1.11.jar C:\Users\User\.jenkins\plugins\maven-plugin\WEB-INF\lib\maven3-interceptor-commons-1.11.jar 53660"/>
    <property name="PATHEXT" value=".COM;.EXE;.BAT;.CMD;.VBS;.VBE;.JS;.JSE;.WSF;.WSH;.MSC"/>
    <property name="maven.home" value="D:\Udemy\apache-maven-3.5.0"/>
    <property name="POM_GROUPID" value="FacebookPOM"/>
    <property name="java.specification.vendor" value="Oracle Corporation"/>
    <property name="JENKINS_HOME" value="C:\Users\User\.jenkins"/>
    <property name="java.home" value="C:\Program Files\Java\jdk1.8.0_121\jre"/>
    <property name="file.separator" value="\"/>
    <property name="basedir" value="C:\Users\User\git\LocalFacebokPOM\FacebookPOM"/>
    <property name="line.separator" value="&#10;"/>
    <property name="NODE_NAME" value="master"/>
    <property name="HOMEPATH" value="\Users\User"/>
    <property name="java.vm.specification.vendor" value="Oracle Corporation"/>
    <property name="BUILD_DISPLAY_NAME" value="#8"/>
    <property name="java.specification.name" value="Java Platform API Specification"/>
    <property name="PROCESSOR_IDENTIFIER" value="Intel64 Family 6 Model 58 Stepping 9, GenuineIntel"/>
    <property name="PATH+MAVEN" value="D:\Udemy\apache-maven-3.5.0/bin"/>
    <property name="maven3.interceptor" value="C:\Users\User\.jenkins\plugins\maven-plugin\WEB-INF\lib\maven35-interceptor-1.11.jar"/>
    <property name="ProgramFiles" value="C:\Program Files"/>
    <property name="PUBLIC" value="C:\Users\Public"/>
    <property name="maven3.interceptor.common" value="C:\Users\User\.jenkins\plugins\maven-plugin\WEB-INF\lib\maven3-interceptor-commons-1.11.jar"/>
    <property name="windir" value="C:\WINDOWS"/>
    <property name="=::" value="::\"/>
    <property name="sun.boot.class.path" value="C:\Program Files\Java\jdk1.8.0_121\jre\lib\resources.jar;C:\Program Files\Java\jdk1.8.0_121\jre\lib\rt.jar;C:\Program Files\Java\jdk1.8.0_121\jre\lib\sunrsasign.jar;C:\Program Files\Java\jdk1.8.0_121\jre\lib\jsse.jar;C:\Program Files\Java\jdk1.8.0_121\jre\lib\jce.jar;C:\Program Files\Java\jdk1.8.0_121\jre\lib\charsets.jar;C:\Program Files\Java\jdk1.8.0_121\jre\lib\jfr.jar;C:\Program Files\Java\jdk1.8.0_121\jre\classes"/>
    <property name="user.script" value=""/>
    <property name="sun.management.compiler" value="HotSpot 64-Bit Tiered Compilers"/>
    <property name="FPS_BROWSER_APP_PROFILE_STRING" value="Internet Explorer"/>
    <property name="java.runtime.version" value="1.8.0_121-b13"/>
    <property name="PROMPT" value="$P$G"/>
    <property name="JAVA_HOME" value="C:\Program Files\Java\jdk1.8.0_121"/>
    <property name="user.name" value="User"/>
    <property name="POM_ARTIFACTID" value="FacebookPOM"/>
    <property name="asl.log" value="Destination=file"/>
    <property name="OneDrive" value="C:\Users\User\OneDrive"/>
    <property name="APPDATA" value="C:\Users\User\AppData\Roaming"/>
    <property name="=C:" value="C:\Users\User"/>
    <property name="file.encoding" value="Cp1252"/>
    <property name="guice.disable.misplaced.annotation.check" value="true"/>
    <property name="HUDSON_URL" value="http://localhost:8080/"/>
    <property name="WORKSPACE" value="C:\Users\User\.jenkins\workspace\FBPOM"/>
    <property name="GOOGLE_API_KEY" value="no"/>
    <property name="localRepository" value="C:\Users\User\.m2\repository"/>
    <property name="Path" value="C:\Program Files\Java\jdk1.8.0_121/bin;C:\Program Files\Java\jdk1.8.0_121\bin; %MAVEN_HOME%/bin;C:\Users\User\AppData\Local\Microsoft\WindowsApps;C:\Users\User\AppData\Roaming\npm"/>
    <property name="java.io.tmpdir" value="C:\Users\User\AppData\Local\Temp\"/>
    <property name="java.version" value="1.8.0_121"/>
    <property name="COMPUTERNAME" value="DESKTOP-84BCDDP"/>
    <property name="java.vm.specification.name" value="Java Virtual Machine Specification"/>
    <property name="JOB_BASE_NAME" value="FBPOM"/>
    <property name="java.awt.printerjob" value="sun.awt.windows.WPrinterJob"/>
    <property name="ComSpec" value="C:\WINDOWS\system32\cmd.exe"/>
    <property name="sun.os.patch.level" value=""/>
    <property name="org.slf4j.simpleLogger.defaultLogLevel" value="info"/>
    <property name="java.library.path" value="C:\Program Files\Java\jdk1.8.0_121\bin;C:\WINDOWS\Sun\Java\bin;C:\WINDOWS\system32;C:\WINDOWS;D:\Udemy\apache-maven-3.5.0/bin;C:\Program Files\Java\jdk1.8.0_121/bin;C:\Program Files\Java\jdk1.8.0_121/bin;C:\Program Files\Java\jdk1.8.0_121\bin; %MAVEN_HOME%/bin;C:\Users\User\AppData\Local\Microsoft\WindowsApps;C:\Users\User\AppData\Roaming\npm;."/>
    <property name="BUILD_NUMBER" value="8"/>
    <property name="java.vendor" value="Oracle Corporation"/>
    <property name="BUILD_URL" value="http://localhost:8080/job/FBPOM/8/"/>
    <property name="HOMEDRIVE" value="C:"/>
    <property name="POM_DISPLAYNAME" value="Maven Quick Start Archetype"/>
    <property name="sun.io.unicode.encoding" value="UnicodeLittle"/>
    <property name="NUMBER_OF_PROCESSORS" value="8"/>
    <property name="sun.desktop" value="windows"/>
    <property name="USERDOMAIN_ROAMINGPROFILE" value="DESKTOP-84BCDDP"/>
    <property name="GOOGLE_DEFAULT_CLIENT_ID" value="no"/>
    <property name="PROCESSOR_LEVEL" value="6"/>
    <property name="file.encoding.pkg" value="sun.io"/>
    <property name="JOB_URL" value="http://localhost:8080/job/FBPOM/"/>
    <property name="java.class.path" value="C:\Users\User\.jenkins\plugins\maven-plugin\WEB-INF\lib\maven35-agent-1.11.jar;D:\Udemy\apache-maven-3.5.0\boot\plexus-classworlds-2.5.2.jar;D:\Udemy\apache-maven-3.5.0/conf/logging"/>
    <property name="java.vm.vendor" value="Oracle Corporation"/>
    <property name="PROCESSOR_ARCHITECTURE" value="AMD64"/>
    <property name="PSModulePath" value="C:\WINDOWS\system32\WindowsPowerShell\v1.0\Modules\"/>
    <property name="user.variant" value=""/>
    <property name="MAVEN_HOME" value="D:\Udemy\apache-maven-3.5.0"/>
    <property name="user.timezone" value="Asia/Calcutta"/>
    <property name="maven.conf" value="D:\Udemy\apache-maven-3.5.0\conf"/>
    <property name="os.name" value="Windows 10"/>
    <property name="java.vm.specification.version" value="1.8"/>
    <property name="sun.java.launcher" value="SUN_STANDARD"/>
    <property name="user.country" value="IN"/>
    <property name="POM_VERSION" value="0.0.1-SNAPSHOT"/>
    <property name="BUILD_TAG" value="jenkins-FBPOM-8"/>
    <property name="surefire.test.class.path" value="C:\Users\User\git\LocalFacebokPOM\FacebookPOM\target\test-classes;C:\Users\User\git\LocalFacebokPOM\FacebookPOM\target\classes;C:\Users\User\.m2\repository\junit\junit\3.8.1\junit-3.8.1.jar;C:\Users\User\.m2\repository\org\testng\testng\6.11\testng-6.11.jar;C:\Users\User\.m2\repository\com\beust\jcommander\1.64\jcommander-1.64.jar;C:\Users\User\.m2\repository\org\yaml\snakeyaml\1.17\snakeyaml-1.17.jar;C:\Users\User\.m2\repository\org\apache\logging\log4j\log4j-core\2.9.0\log4j-core-2.9.0.jar;C:\Users\User\.m2\repository\org\apache\logging\log4j\log4j-api\2.9.0\log4j-api-2.9.0.jar;C:\Users\User\.m2\repository\log4j\log4j\1.2.17\log4j-1.2.17.jar;C:\Users\User\.m2\repository\org\apache\poi\poi-ooxml\3.16\poi-ooxml-3.16.jar;C:\Users\User\.m2\repository\org\apache\poi\poi-ooxml-schemas\3.16\poi-ooxml-schemas-3.16.jar;C:\Users\User\.m2\repository\org\apache\xmlbeans\xmlbeans\2.6.0\xmlbeans-2.6.0.jar;C:\Users\User\.m2\repository\stax\stax-api\1.0.1\stax-api-1.0.1.jar;C:\Users\User\.m2\repository\com\github\virtuald\curvesapi\1.04\curvesapi-1.04.jar;C:\Users\User\.m2\repository\org\apache\poi\poi\3.16\poi-3.16.jar;C:\Users\User\.m2\repository\commons-codec\commons-codec\1.10\commons-codec-1.10.jar;C:\Users\User\.m2\repository\org\apache\commons\commons-collections4\4.1\commons-collections4-4.1.jar;C:\Users\User\.m2\repository\org\seleniumhq\selenium\selenium-java\3.0.1\selenium-java-3.0.1.jar;C:\Users\User\.m2\repository\org\seleniumhq\selenium\selenium-chrome-driver\3.0.1\selenium-chrome-driver-3.0.1.jar;C:\Users\User\.m2\repository\org\seleniumhq\selenium\selenium-remote-driver\3.0.1\selenium-remote-driver-3.0.1.jar;C:\Users\User\.m2\repository\org\seleniumhq\selenium\selenium-api\3.0.1\selenium-api-3.0.1.jar;C:\Users\User\.m2\repository\cglib\cglib-nodep\3.2.4\cglib-nodep-3.2.4.jar;C:\Users\User\.m2\repository\org\apache\commons\commons-exec\1.3\commons-exec-1.3.jar;C:\Users\User\.m2\repository\com\google\code\gson\gson\2.3.1\gson-2.3.1.jar;C:\Users\User\.m2\repository\com\google\guava\guava\19.0\guava-19.0.jar;C:\Users\User\.m2\repository\net\java\dev\jna\jna-platform\4.1.0\jna-platform-4.1.0.jar;C:\Users\User\.m2\repository\net\java\dev\jna\jna\4.1.0\jna-4.1.0.jar;C:\Users\User\.m2\repository\org\seleniumhq\selenium\selenium-edge-driver\3.0.1\selenium-edge-driver-3.0.1.jar;C:\Users\User\.m2\repository\org\seleniumhq\selenium\selenium-firefox-driver\3.0.1\selenium-firefox-driver-3.0.1.jar;C:\Users\User\.m2\repository\org\seleniumhq\selenium\selenium-ie-driver\3.0.1\selenium-ie-driver-3.0.1.jar;C:\Users\User\.m2\repository\org\seleniumhq\selenium\selenium-opera-driver\3.0.1\selenium-opera-driver-3.0.1.jar;C:\Users\User\.m2\repository\org\seleniumhq\selenium\selenium-safari-driver\3.0.1\selenium-safari-driver-3.0.1.jar;C:\Users\User\.m2\repository\io\netty\netty\3.5.7.Final\netty-3.5.7.Final.jar;C:\Users\User\.m2\repository\org\seleniumhq\selenium\selenium-support\3.0.1\selenium-support-3.0.1.jar;C:\Users\User\.m2\repository\net\sourceforge\htmlunit\htmlunit\2.23\htmlunit-2.23.jar;C:\Users\User\.m2\repository\xalan\xalan\2.7.2\xalan-2.7.2.jar;C:\Users\User\.m2\repository\xalan\serializer\2.7.2\serializer-2.7.2.jar;C:\Users\User\.m2\repository\org\apache\commons\commons-lang3\3.4\commons-lang3-3.4.jar;C:\Users\User\.m2\repository\org\apache\httpcomponents\httpclient\4.5.2\httpclient-4.5.2.jar;C:\Users\User\.m2\repository\org\apache\httpcomponents\httpcore\4.4.4\httpcore-4.4.4.jar;C:\Users\User\.m2\repository\org\apache\httpcomponents\httpmime\4.5.2\httpmime-4.5.2.jar;C:\Users\User\.m2\repository\net\sourceforge\htmlunit\htmlunit-core-js\2.23\htmlunit-core-js-2.23.jar;C:\Users\User\.m2\repository\net\sourceforge\htmlunit\neko-htmlunit\2.23\neko-htmlunit-2.23.jar;C:\Users\User\.m2\repository\xerces\xercesImpl\2.11.0\xercesImpl-2.11.0.jar;C:\Users\User\.m2\repository\xml-apis\xml-apis\1.4.01\xml-apis-1.4.01.jar;C:\Users\User\.m2\repository\net\sourceforge\cssparser\cssparser\0.9.20\cssparser-0.9.20.jar;C:\Users\User\.m2\repository\org\w3c\css\sac\1.3\sac-1.3.jar;C:\Users\User\.m2\repository\commons-io\commons-io\2.5\commons-io-2.5.jar;C:\Users\User\.m2\repository\commons-logging\commons-logging\1.2\commons-logging-1.2.jar;C:\Users\User\.m2\repository\com\codeborne\phantomjsdriver\1.3.0\phantomjsdriver-1.3.0.jar;C:\Users\User\.m2\repository\org\eclipse\jetty\websocket\websocket-client\9.2.15.v20160210\websocket-client-9.2.15.v20160210.jar;C:\Users\User\.m2\repository\org\eclipse\jetty\jetty-util\9.2.15.v20160210\jetty-util-9.2.15.v20160210.jar;C:\Users\User\.m2\repository\org\eclipse\jetty\jetty-io\9.2.15.v20160210\jetty-io-9.2.15.v20160210.jar;C:\Users\User\.m2\repository\org\eclipse\jetty\websocket\websocket-common\9.2.15.v20160210\websocket-common-9.2.15.v20160210.jar;C:\Users\User\.m2\repository\org\eclipse\jetty\websocket\websocket-api\9.2.15.v20160210\websocket-api-9.2.15.v20160210.jar;C:\Users\User\.m2\repository\org\apache\maven\surefire\surefire-testng-utils\2.20.1\surefire-testng-utils-2.20.1.jar;C:\Users\User\.m2\repository\org\apache\maven\surefire\surefire-grouper\2.20.1\surefire-grouper-2.20.1.jar;"/>
    <property name="sun.cpu.endian" value="little"/>
    <property name="user.home" value="C:\Users\User"/>
    <property name="user.language" value="en"/>
    <property name="ProgramData" value="C:\ProgramData"/>
    <property name="ProgramW6432" value="C:\Program Files"/>
    <property name="JOB_DISPLAY_URL" value="http://localhost:8080/job/FBPOM/display/redirect"/>
    <property name="M2_HOME" value="D:\Udemy\apache-maven-3.5.0"/>
    <property name="java.awt.graphicsenv" value="sun.awt.Win32GraphicsEnvironment"/>
    <property name="LOCALAPPDATA" value="C:\Users\User\AppData\Local"/>
    <property name="POM_PACKAGING" value="jar"/>
    <property name="USERDOMAIN" value="DESKTOP-84BCDDP"/>
    <property name="LOGONSERVER" value="\\DESKTOP-84BCDDP"/>
    <property name="BUILD_ID" value="8"/>
    <property name="path.separator" value=";"/>
    <property name="JOB_NAME" value="FBPOM"/>
    <property name="os.version" value="10.0"/>
    <property name="java.endorsed.dirs" value="C:\Program Files\Java\jdk1.8.0_121\jre\lib\endorsed"/>
    <property name="MAVEN_OPTS" value="-Xmx200m -XX:MaxPermSize=128m"/>
    <property name="java.runtime.name" value="Java(TM) SE Runtime Environment"/>
    <property name="NODE_LABELS" value="master"/>
    <property name="java.vm.name" value="Java HotSpot(TM) 64-Bit Server VM"/>
    <property name="VBOX_MSI_INSTALL_PATH" value="C:\Program Files\Oracle\VirtualBox\"/>
    <property name="PATH+JDK" value="C:\Program Files\Java\jdk1.8.0_121/bin"/>
    <property name="CommonProgramFiles" value="C:\Program Files\Common Files"/>
    <property name="java.vendor.url.bug" value="http://bugreport.sun.com/bugreport/"/>
    <property name="OS" value="Windows_NT"/>
    <property name="user.dir" value="C:\Users\User\git\LocalFacebokPOM\FacebookPOM"/>
    <property name="EXECUTOR_NUMBER" value="1"/>
    <property name="os.arch" value="amd64"/>
    <property name="HUDSON_SERVER_COOKIE" value="3861f1b2f77164e1"/>
    <property name="webdriver.gecko.driver" value="E:\geckodriver-v0.14.0-win64\geckodriver.exe"/>
    <property name="PROCESSOR_REVISION" value="3a09"/>
    <property name="CommonProgramW6432" value="C:\Program Files\Common Files"/>
    <property name="CLASSPATH" value=""/>
    <property name="TEMP" value="C:\Users\User\AppData\Local\Temp"/>
    <property name="SystemRoot" value="C:\WINDOWS"/>
    <property name="java.vm.info" value="mixed mode"/>
    <property name="java.vm.version" value="25.121-b13"/>
    <property name="USERPROFILE" value="C:\Users\User"/>
    <property name="TMP" value="C:\Users\User\AppData\Local\Temp"/>
    <property name="CommonProgramFiles(x86)" value="C:\Program Files (x86)\Common Files"/>
    <property name="java.ext.dirs" value="C:\Program Files\Java\jdk1.8.0_121\jre\lib\ext;C:\WINDOWS\Sun\Java\lib\ext"/>
    <property name="java.class.version" value="52.0"/>
  </properties>
  <testcase name="init" classname="com.way2automation.twitter.testcases.LoginTest" time="6.92">
    <failure message="Java heap space" type="java.lang.OutOfMemoryError">java.lang.OutOfMemoryError: Java heap space
</failure>
    <system-out><![CDATA[Senthil Start
Excel Path:com.way2automation.twitter.utils.excel_reader@1c680d06
]]></system-out>
    <system-err><![CDATA[ERROR StatusLogger No log4j2 configuration file found. Using default configuration: logging only errors to the console. Set system property 'log4j2.debug' to show Log4j2 internal initialization logging.
1505745087547	geckodriver	INFO	Listening on 127.0.0.1:38154
]]></system-err>
  </testcase>
  <testcase name="checkRunMode" classname="com.way2automation.twitter.testcases.LoginTest" time="0">
    <skipped/>
  </testcase>
  <testcase name="sampleTest" classname="com.way2automation.twitter.testcases.LoginTest" time="0">
    <skipped message="Java heap space"/>
    <system-out><![CDATA[Username from Sheet is:
]]></system-out>
  </testcase>
  <testcase name="testQuitDriver" classname="com.way2automation.twitter.testcases.LoginTest" time="0">
    <skipped message="Java heap space"/>
  </testcase>
  <testcase name="testQuitDriver" classname="com.way2automation.twitter.testcases.LoginTest" time="0">
    <skipped/>
  </testcase>
</testsuite>